0 info it worked if it ends with ok
1 verbose cli [ 'C:\\Program Files\\nodejs\\node.exe',
1 verbose cli   'C:\\Program Files\\nodejs\\node_modules\\npm\\bin\\npm-cli.js',
1 verbose cli   'install',
1 verbose cli   'msnodesql' ]
2 info using npm@3.10.9
3 info using node@v7.1.0
4 silly loadCurrentTree Starting
5 silly install loadCurrentTree
6 silly install readLocalPackageData
7 silly fetchPackageMetaData msnodesql
8 silly fetchNamedPackageData msnodesql
9 silly mapToRegistry name msnodesql
10 silly mapToRegistry using default registry
11 silly mapToRegistry registry https://registry.npmjs.org/
12 silly mapToRegistry data Result {
12 silly mapToRegistry   raw: 'msnodesql',
12 silly mapToRegistry   scope: null,
12 silly mapToRegistry   escapedName: 'msnodesql',
12 silly mapToRegistry   name: 'msnodesql',
12 silly mapToRegistry   rawSpec: '',
12 silly mapToRegistry   spec: 'latest',
12 silly mapToRegistry   type: 'tag' }
13 silly mapToRegistry uri https://registry.npmjs.org/msnodesql
14 verbose request uri https://registry.npmjs.org/msnodesql
15 verbose request no auth needed
16 info attempt registry request try #1 at 6:13:39 PM
17 verbose request id e21726785bc6d2a1
18 verbose etag W/"5147468e-32e6"
19 verbose lastModified Mon, 18 Mar 2013 16:53:34 GMT
20 http request GET https://registry.npmjs.org/msnodesql
21 http 304 https://registry.npmjs.org/msnodesql
22 verbose headers { date: 'Tue, 10 Jan 2017 02:13:41 GMT',
22 verbose headers   via: '1.1 varnish',
22 verbose headers   'cache-control': 'max-age=300',
22 verbose headers   etag: 'W/"5147468e-32e6"',
22 verbose headers   age: '0',
22 verbose headers   connection: 'keep-alive',
22 verbose headers   'x-served-by': 'cache-lax8628-LAX',
22 verbose headers   'x-cache': 'HIT',
22 verbose headers   'x-cache-hits': '1',
22 verbose headers   'x-timer': 'S1484014421.631990,VS0,VE32',
22 verbose headers   vary: 'Accept-Encoding' }
23 silly get cb [ 304,
23 silly get   { date: 'Tue, 10 Jan 2017 02:13:41 GMT',
23 silly get     via: '1.1 varnish',
23 silly get     'cache-control': 'max-age=300',
23 silly get     etag: 'W/"5147468e-32e6"',
23 silly get     age: '0',
23 silly get     connection: 'keep-alive',
23 silly get     'x-served-by': 'cache-lax8628-LAX',
23 silly get     'x-cache': 'HIT',
23 silly get     'x-cache-hits': '1',
23 silly get     'x-timer': 'S1484014421.631990,VS0,VE32',
23 silly get     vary: 'Accept-Encoding' } ]
24 verbose etag https://registry.npmjs.org/msnodesql from cache
25 verbose get saving msnodesql to C:\Users\Arvind\AppData\Roaming\npm-cache\registry.npmjs.org\msnodesql\.cache.json
26 verbose correctMkdir C:\Users\Arvind\AppData\Roaming\npm-cache correctMkdir not in flight; initializing
27 silly install normalizeTree
28 silly loadCurrentTree Finishing
29 silly loadIdealTree Starting
30 silly install loadIdealTree
31 silly cloneCurrentTree Starting
32 silly install cloneCurrentTreeToIdealTree
33 silly cloneCurrentTree Finishing
34 silly loadShrinkwrap Starting
35 silly install loadShrinkwrap
36 silly loadShrinkwrap Finishing
37 silly loadAllDepsIntoIdealTree Starting
38 silly install loadAllDepsIntoIdealTree
39 silly resolveWithNewModule msnodesql@0.2.1 checking installable status
40 silly cache add args [ 'msnodesql', null ]
41 verbose cache add spec msnodesql
42 silly cache add parsed spec Result {
42 silly cache add   raw: 'msnodesql',
42 silly cache add   scope: null,
42 silly cache add   escapedName: 'msnodesql',
42 silly cache add   name: 'msnodesql',
42 silly cache add   rawSpec: '',
42 silly cache add   spec: 'latest',
42 silly cache add   type: 'tag' }
43 silly addNamed msnodesql@latest
44 verbose addNamed "latest" is being treated as a dist-tag for msnodesql
45 info addNameTag [ 'msnodesql', 'latest' ]
46 silly mapToRegistry name msnodesql
47 silly mapToRegistry using default registry
48 silly mapToRegistry registry https://registry.npmjs.org/
49 silly mapToRegistry data Result {
49 silly mapToRegistry   raw: 'msnodesql',
49 silly mapToRegistry   scope: null,
49 silly mapToRegistry   escapedName: 'msnodesql',
49 silly mapToRegistry   name: 'msnodesql',
49 silly mapToRegistry   rawSpec: '',
49 silly mapToRegistry   spec: 'latest',
49 silly mapToRegistry   type: 'tag' }
50 silly mapToRegistry uri https://registry.npmjs.org/msnodesql
51 verbose addNameTag registry:https://registry.npmjs.org/msnodesql not in flight; fetching
52 verbose get https://registry.npmjs.org/msnodesql not expired, no request
53 silly addNameTag next cb for msnodesql with tag latest
54 silly addNamed msnodesql@0.2.1
55 verbose addNamed "0.2.1" is a plain semver version for msnodesql
56 silly cache afterAdd msnodesql@0.2.1
57 verbose afterAdd C:\Users\Arvind\AppData\Roaming\npm-cache\msnodesql\0.2.1\package\package.json not in flight; writing
58 verbose correctMkdir C:\Users\Arvind\AppData\Roaming\npm-cache correctMkdir not in flight; initializing
59 verbose afterAdd C:\Users\Arvind\AppData\Roaming\npm-cache\msnodesql\0.2.1\package\package.json written
60 silly loadAllDepsIntoIdealTree Finishing
61 silly loadIdealTree Finishing
62 silly currentTree cli-app@0.0.0
62 silly currentTree +-- accepts@1.3.3
62 silly currentTree +-- ansi-regex@2.0.0
62 silly currentTree +-- ansi-styles@2.2.1
62 silly currentTree +-- array-flatten@1.1.1
62 silly currentTree +-- asap@2.0.5
62 silly currentTree +-- asn1@0.2.3
62 silly currentTree +-- assert-plus@0.2.0
62 silly currentTree +-- asynckit@0.4.0
62 silly currentTree +-- aws-sign2@0.6.0
62 silly currentTree +-- aws4@1.5.0
62 silly currentTree +-- babel-runtime@5.8.38
62 silly currentTree +-- basic-auth@1.0.4
62 silly currentTree +-- bcrypt-pbkdf@1.0.0
62 silly currentTree +-- big-number@0.3.1
62 silly currentTree +-- bl@1.2.0
62 silly currentTree +-- body-parser@1.15.2
62 silly currentTree +-- boom@2.10.1
62 silly currentTree +-- buffer-shims@1.0.0
62 silly currentTree +-- bytes@2.4.0
62 silly currentTree +-- caseless@0.11.0
62 silly currentTree +-- chalk@1.1.3
62 silly currentTree +-- combined-stream@1.0.5
62 silly currentTree +-- commander@2.9.0
62 silly currentTree +-- content-disposition@0.5.1
62 silly currentTree +-- content-type@1.0.2
62 silly currentTree +-- cookie-parser@1.4.3
62 silly currentTree +-- cookie-signature@1.0.6
62 silly currentTree +-- cookie@0.3.1
62 silly currentTree +-- core-js@1.2.7
62 silly currentTree +-- core-util-is@1.0.2
62 silly currentTree +-- cryptiles@2.0.5
62 silly currentTree +-- dashdash@1.14.1
62 silly currentTree | `-- assert-plus@1.0.0
62 silly currentTree +-- debug@2.2.0
62 silly currentTree +-- delayed-stream@1.0.0
62 silly currentTree +-- depd@1.1.0
62 silly currentTree +-- destroy@1.0.4
62 silly currentTree +-- dev-logger@0.1.2
62 silly currentTree +-- ecc-jsbn@0.1.1
62 silly currentTree +-- ee-first@1.1.1
62 silly currentTree +-- ejs@2.5.5
62 silly currentTree +-- encodeurl@1.0.1
62 silly currentTree +-- errno@0.1.4
62 silly currentTree +-- escape-html@1.0.3
62 silly currentTree +-- escape-string-regexp@1.0.5
62 silly currentTree +-- etag@1.7.0
62 silly currentTree +-- express@4.14.0
62 silly currentTree +-- extend@3.0.0
62 silly currentTree +-- extsprintf@1.0.2
62 silly currentTree +-- finalhandler@0.5.0
62 silly currentTree +-- forever-agent@0.6.1
62 silly currentTree +-- form-data@2.1.2
62 silly currentTree +-- forwarded@0.1.0
62 silly currentTree +-- fresh@0.3.0
62 silly currentTree +-- generate-function@2.0.0
62 silly currentTree +-- generate-object-property@1.2.0
62 silly currentTree +-- generic-pool@2.5.0
62 silly currentTree +-- getpass@0.1.6
62 silly currentTree | `-- assert-plus@1.0.0
62 silly currentTree +-- graceful-fs@4.1.11
62 silly currentTree +-- graceful-readlink@1.0.1
62 silly currentTree +-- har-validator@2.0.6
62 silly currentTree +-- has-ansi@2.0.0
62 silly currentTree +-- hawk@3.1.3
62 silly currentTree +-- hoek@2.16.3
62 silly currentTree +-- http-errors@1.5.1
62 silly currentTree +-- http-signature@1.1.1
62 silly currentTree +-- iconv-lite@0.4.13
62 silly currentTree +-- image-size@0.5.1
62 silly currentTree +-- inherits@2.0.3
62 silly currentTree +-- ipaddr.js@1.1.1
62 silly currentTree +-- is-my-json-valid@2.15.0
62 silly currentTree +-- is-property@1.0.2
62 silly currentTree +-- is-typedarray@1.0.0
62 silly currentTree +-- is@3.2.0
62 silly currentTree +-- isarray@1.0.0
62 silly currentTree +-- isstream@0.1.2
62 silly currentTree +-- jodid25519@1.0.2
62 silly currentTree +-- jsbn@0.1.0
62 silly currentTree +-- json-schema@0.2.3
62 silly currentTree +-- json-stringify-safe@5.0.1
62 silly currentTree +-- jsonpointer@4.0.1
62 silly currentTree +-- jsprim@1.3.1
62 silly currentTree +-- less-middleware@2.2.0
62 silly currentTree +-- less@2.7.2
62 silly currentTree +-- media-typer@0.3.0
62 silly currentTree +-- merge-descriptors@1.0.1
62 silly currentTree +-- methods@1.1.2
62 silly currentTree +-- mime-db@1.25.0
62 silly currentTree +-- mime-types@2.1.13
62 silly currentTree +-- mime@1.3.4
62 silly currentTree +-- minimist@0.0.8
62 silly currentTree +-- mkdirp@0.5.1
62 silly currentTree +-- morgan@1.7.0
62 silly currentTree +-- ms@0.7.1
62 silly currentTree +-- mssql@3.3.0
62 silly currentTree +-- negotiator@0.6.1
62 silly currentTree +-- node.extend@1.1.6
62 silly currentTree +-- oauth-sign@0.8.2
62 silly currentTree +-- on-finished@2.3.0
62 silly currentTree +-- on-headers@1.0.1
62 silly currentTree +-- parseurl@1.3.1
62 silly currentTree +-- path-to-regexp@0.1.7
62 silly currentTree +-- pinkie-promise@2.0.1
62 silly currentTree +-- pinkie@2.0.4
62 silly currentTree +-- process-nextick-args@1.0.7
62 silly currentTree +-- promise@7.1.1
62 silly currentTree +-- proxy-addr@1.1.2
62 silly currentTree +-- prr@0.0.0
62 silly currentTree +-- punycode@1.4.1
62 silly currentTree +-- qs@6.2.0
62 silly currentTree +-- range-parser@1.2.0
62 silly currentTree +-- raw-body@2.1.7
62 silly currentTree +-- readable-stream@2.2.2
62 silly currentTree +-- request@2.79.0
62 silly currentTree | `-- qs@6.3.0
62 silly currentTree +-- semver@5.3.0
62 silly currentTree +-- send@0.14.1
62 silly currentTree +-- serve-favicon@2.3.2
62 silly currentTree | `-- ms@0.7.2
62 silly currentTree +-- serve-static@1.11.1
62 silly currentTree +-- setprototypeof@1.0.2
62 silly currentTree +-- sntp@1.0.9
62 silly currentTree +-- source-map@0.5.6
62 silly currentTree +-- sprintf@0.1.5
62 silly currentTree +-- sshpk@1.10.1
62 silly currentTree | `-- assert-plus@1.0.0
62 silly currentTree +-- statuses@1.3.1
62 silly currentTree +-- string_decoder@0.10.31
62 silly currentTree +-- stringstream@0.0.5
62 silly currentTree +-- strip-ansi@3.0.1
62 silly currentTree +-- supports-color@2.0.0
62 silly currentTree +-- tedious@1.14.0
62 silly currentTree +-- tough-cookie@2.3.2
62 silly currentTree +-- tunnel-agent@0.4.3
62 silly currentTree +-- tweetnacl@0.14.5
62 silly currentTree +-- type-is@1.6.14
62 silly currentTree +-- unpipe@1.0.0
62 silly currentTree +-- util-deprecate@1.0.2
62 silly currentTree +-- utils-merge@1.0.0
62 silly currentTree +-- uuid@3.0.1
62 silly currentTree +-- vary@1.1.0
62 silly currentTree +-- verror@1.3.6
62 silly currentTree `-- xtend@4.0.1
63 silly idealTree cli-app@0.0.0
63 silly idealTree +-- accepts@1.3.3
63 silly idealTree +-- ansi-regex@2.0.0
63 silly idealTree +-- ansi-styles@2.2.1
63 silly idealTree +-- array-flatten@1.1.1
63 silly idealTree +-- asap@2.0.5
63 silly idealTree +-- asn1@0.2.3
63 silly idealTree +-- assert-plus@0.2.0
63 silly idealTree +-- asynckit@0.4.0
63 silly idealTree +-- aws-sign2@0.6.0
63 silly idealTree +-- aws4@1.5.0
63 silly idealTree +-- babel-runtime@5.8.38
63 silly idealTree +-- basic-auth@1.0.4
63 silly idealTree +-- bcrypt-pbkdf@1.0.0
63 silly idealTree +-- big-number@0.3.1
63 silly idealTree +-- bl@1.2.0
63 silly idealTree +-- body-parser@1.15.2
63 silly idealTree +-- boom@2.10.1
63 silly idealTree +-- buffer-shims@1.0.0
63 silly idealTree +-- bytes@2.4.0
63 silly idealTree +-- caseless@0.11.0
63 silly idealTree +-- chalk@1.1.3
63 silly idealTree +-- combined-stream@1.0.5
63 silly idealTree +-- commander@2.9.0
63 silly idealTree +-- content-disposition@0.5.1
63 silly idealTree +-- content-type@1.0.2
63 silly idealTree +-- cookie-parser@1.4.3
63 silly idealTree +-- cookie-signature@1.0.6
63 silly idealTree +-- cookie@0.3.1
63 silly idealTree +-- core-js@1.2.7
63 silly idealTree +-- core-util-is@1.0.2
63 silly idealTree +-- cryptiles@2.0.5
63 silly idealTree +-- dashdash@1.14.1
63 silly idealTree | `-- assert-plus@1.0.0
63 silly idealTree +-- debug@2.2.0
63 silly idealTree +-- delayed-stream@1.0.0
63 silly idealTree +-- depd@1.1.0
63 silly idealTree +-- destroy@1.0.4
63 silly idealTree +-- dev-logger@0.1.2
63 silly idealTree +-- ecc-jsbn@0.1.1
63 silly idealTree +-- ee-first@1.1.1
63 silly idealTree +-- ejs@2.5.5
63 silly idealTree +-- encodeurl@1.0.1
63 silly idealTree +-- errno@0.1.4
63 silly idealTree +-- escape-html@1.0.3
63 silly idealTree +-- escape-string-regexp@1.0.5
63 silly idealTree +-- etag@1.7.0
63 silly idealTree +-- express@4.14.0
63 silly idealTree +-- extend@3.0.0
63 silly idealTree +-- extsprintf@1.0.2
63 silly idealTree +-- finalhandler@0.5.0
63 silly idealTree +-- forever-agent@0.6.1
63 silly idealTree +-- form-data@2.1.2
63 silly idealTree +-- forwarded@0.1.0
63 silly idealTree +-- fresh@0.3.0
63 silly idealTree +-- generate-function@2.0.0
63 silly idealTree +-- generate-object-property@1.2.0
63 silly idealTree +-- generic-pool@2.5.0
63 silly idealTree +-- getpass@0.1.6
63 silly idealTree | `-- assert-plus@1.0.0
63 silly idealTree +-- graceful-fs@4.1.11
63 silly idealTree +-- graceful-readlink@1.0.1
63 silly idealTree +-- har-validator@2.0.6
63 silly idealTree +-- has-ansi@2.0.0
63 silly idealTree +-- hawk@3.1.3
63 silly idealTree +-- hoek@2.16.3
63 silly idealTree +-- http-errors@1.5.1
63 silly idealTree +-- http-signature@1.1.1
63 silly idealTree +-- iconv-lite@0.4.13
63 silly idealTree +-- image-size@0.5.1
63 silly idealTree +-- inherits@2.0.3
63 silly idealTree +-- ipaddr.js@1.1.1
63 silly idealTree +-- is-my-json-valid@2.15.0
63 silly idealTree +-- is-property@1.0.2
63 silly idealTree +-- is-typedarray@1.0.0
63 silly idealTree +-- is@3.2.0
63 silly idealTree +-- isarray@1.0.0
63 silly idealTree +-- isstream@0.1.2
63 silly idealTree +-- jodid25519@1.0.2
63 silly idealTree +-- jsbn@0.1.0
63 silly idealTree +-- json-schema@0.2.3
63 silly idealTree +-- json-stringify-safe@5.0.1
63 silly idealTree +-- jsonpointer@4.0.1
63 silly idealTree +-- jsprim@1.3.1
63 silly idealTree +-- less-middleware@2.2.0
63 silly idealTree +-- less@2.7.2
63 silly idealTree +-- media-typer@0.3.0
63 silly idealTree +-- merge-descriptors@1.0.1
63 silly idealTree +-- methods@1.1.2
63 silly idealTree +-- mime-db@1.25.0
63 silly idealTree +-- mime-types@2.1.13
63 silly idealTree +-- mime@1.3.4
63 silly idealTree +-- minimist@0.0.8
63 silly idealTree +-- mkdirp@0.5.1
63 silly idealTree +-- morgan@1.7.0
63 silly idealTree +-- ms@0.7.1
63 silly idealTree +-- msnodesql@0.2.1
63 silly idealTree +-- mssql@3.3.0
63 silly idealTree +-- negotiator@0.6.1
63 silly idealTree +-- node.extend@1.1.6
63 silly idealTree +-- oauth-sign@0.8.2
63 silly idealTree +-- on-finished@2.3.0
63 silly idealTree +-- on-headers@1.0.1
63 silly idealTree +-- parseurl@1.3.1
63 silly idealTree +-- path-to-regexp@0.1.7
63 silly idealTree +-- pinkie-promise@2.0.1
63 silly idealTree +-- pinkie@2.0.4
63 silly idealTree +-- process-nextick-args@1.0.7
63 silly idealTree +-- promise@7.1.1
63 silly idealTree +-- proxy-addr@1.1.2
63 silly idealTree +-- prr@0.0.0
63 silly idealTree +-- punycode@1.4.1
63 silly idealTree +-- qs@6.2.0
63 silly idealTree +-- range-parser@1.2.0
63 silly idealTree +-- raw-body@2.1.7
63 silly idealTree +-- readable-stream@2.2.2
63 silly idealTree +-- request@2.79.0
63 silly idealTree | `-- qs@6.3.0
63 silly idealTree +-- semver@5.3.0
63 silly idealTree +-- send@0.14.1
63 silly idealTree +-- serve-favicon@2.3.2
63 silly idealTree | `-- ms@0.7.2
63 silly idealTree +-- serve-static@1.11.1
63 silly idealTree +-- setprototypeof@1.0.2
63 silly idealTree +-- sntp@1.0.9
63 silly idealTree +-- source-map@0.5.6
63 silly idealTree +-- sprintf@0.1.5
63 silly idealTree +-- sshpk@1.10.1
63 silly idealTree | `-- assert-plus@1.0.0
63 silly idealTree +-- statuses@1.3.1
63 silly idealTree +-- string_decoder@0.10.31
63 silly idealTree +-- stringstream@0.0.5
63 silly idealTree +-- strip-ansi@3.0.1
63 silly idealTree +-- supports-color@2.0.0
63 silly idealTree +-- tedious@1.14.0
63 silly idealTree +-- tough-cookie@2.3.2
63 silly idealTree +-- tunnel-agent@0.4.3
63 silly idealTree +-- tweetnacl@0.14.5
63 silly idealTree +-- type-is@1.6.14
63 silly idealTree +-- unpipe@1.0.0
63 silly idealTree +-- util-deprecate@1.0.2
63 silly idealTree +-- utils-merge@1.0.0
63 silly idealTree +-- uuid@3.0.1
63 silly idealTree +-- vary@1.1.0
63 silly idealTree +-- verror@1.3.6
63 silly idealTree `-- xtend@4.0.1
64 silly generateActionsToTake Starting
65 silly install generateActionsToTake
66 silly generateActionsToTake Finishing
67 silly diffTrees action count 1
68 silly diffTrees add msnodesql@0.2.1
69 silly decomposeActions action count 8
70 silly decomposeActions fetch msnodesql@0.2.1
71 silly decomposeActions extract msnodesql@0.2.1
72 silly decomposeActions test msnodesql@0.2.1
73 silly decomposeActions preinstall msnodesql@0.2.1
74 silly decomposeActions build msnodesql@0.2.1
75 silly decomposeActions install msnodesql@0.2.1
76 silly decomposeActions postinstall msnodesql@0.2.1
77 silly decomposeActions finalize msnodesql@0.2.1
78 silly runTopLevelLifecycles Starting
79 silly executeActions Starting
80 silly install executeActions
81 silly doSerial global-install 0
82 silly doParallel fetch 1
83 verbose correctMkdir C:\Users\Arvind\AppData\Roaming\npm-cache\_locks correctMkdir not in flight; initializing
84 verbose lock using C:\Users\Arvind\AppData\Roaming\npm-cache\_locks\staging-301ba524994a4a22.lock for C:\Users\Arvind\ehealthsolutionsinc-api\cli-app\node_modules\.staging
85 silly doParallel extract 1
86 silly extract msnodesql@0.2.1
87 verbose unbuild node_modules\.staging\msnodesql-b7b0fbed
88 silly gentlyRm C:\Users\Arvind\ehealthsolutionsinc-api\cli-app\node_modules\.staging\msnodesql-b7b0fbed is being purged from base C:\Users\Arvind\ehealthsolutionsinc-api\cli-app
89 verbose gentlyRm don't care about contents; nuking C:\Users\Arvind\ehealthsolutionsinc-api\cli-app\node_modules\.staging\msnodesql-b7b0fbed
90 verbose tar unpack C:\Users\Arvind\AppData\Roaming\npm-cache\msnodesql\0.2.1\package.tgz
91 verbose tar unpacking to C:\Users\Arvind\ehealthsolutionsinc-api\cli-app\node_modules\.staging\msnodesql-b7b0fbed
92 silly gentlyRm C:\Users\Arvind\ehealthsolutionsinc-api\cli-app\node_modules\.staging\msnodesql-b7b0fbed is being purged
93 verbose gentlyRm don't care about contents; nuking C:\Users\Arvind\ehealthsolutionsinc-api\cli-app\node_modules\.staging\msnodesql-b7b0fbed
94 silly gunzTarPerm modes [ '777', '666' ]
95 silly gunzTarPerm extractEntry package.json
96 silly gunzTarPerm modified mode [ 'package.json', 420, 438 ]
97 silly gunzTarPerm extractEntry .npmignore
98 silly gunzTarPerm modified mode [ '.npmignore', 420, 438 ]
99 silly gunzTarPerm extractEntry README.md
100 silly gunzTarPerm modified mode [ 'README.md', 420, 438 ]
101 silly gunzTarPerm extractEntry LICENSE
102 silly gunzTarPerm modified mode [ 'LICENSE', 420, 438 ]
103 silly gunzTarPerm extractEntry key
104 silly gunzTarPerm modified mode [ 'key', 420, 438 ]
105 silly gunzTarPerm extractEntry lib/sql.js
106 silly gunzTarPerm modified mode [ 'lib/sql.js', 420, 438 ]
107 silly gunzTarPerm extractEntry lib/sqlserver.native.js
108 silly gunzTarPerm modified mode [ 'lib/sqlserver.native.js', 420, 438 ]
109 silly gunzTarPerm extractEntry binding.gyp
110 silly gunzTarPerm modified mode [ 'binding.gyp', 420, 438 ]
111 silly gunzTarPerm extractEntry CONTRIBUTORS
112 silly gunzTarPerm modified mode [ 'CONTRIBUTORS', 420, 438 ]
113 silly gunzTarPerm extractEntry CONTRIBUTING.md
114 silly gunzTarPerm modified mode [ 'CONTRIBUTING.md', 420, 438 ]
115 silly gunzTarPerm extractEntry scripts/install.js
116 silly gunzTarPerm modified mode [ 'scripts/install.js', 420, 438 ]
117 silly gunzTarPerm extractEntry src/OdbcHandle.h
118 silly gunzTarPerm modified mode [ 'src/OdbcHandle.h', 420, 438 ]
119 silly gunzTarPerm extractEntry src/Column.cpp
120 silly gunzTarPerm modified mode [ 'src/Column.cpp', 420, 438 ]
121 silly gunzTarPerm extractEntry src/Connection.cpp
122 silly gunzTarPerm modified mode [ 'src/Connection.cpp', 420, 438 ]
123 silly gunzTarPerm extractEntry src/Connection.h
124 silly gunzTarPerm modified mode [ 'src/Connection.h', 420, 438 ]
125 silly gunzTarPerm extractEntry src/CriticalSection.h
126 silly gunzTarPerm modified mode [ 'src/CriticalSection.h', 420, 438 ]
127 silly gunzTarPerm extractEntry src/OdbcConnection.cpp
128 silly gunzTarPerm modified mode [ 'src/OdbcConnection.cpp', 420, 438 ]
129 silly gunzTarPerm extractEntry src/OdbcConnection.h
130 silly gunzTarPerm modified mode [ 'src/OdbcConnection.h', 420, 438 ]
131 silly gunzTarPerm extractEntry src/OdbcConnectionBridge.h
132 silly gunzTarPerm modified mode [ 'src/OdbcConnectionBridge.h', 420, 438 ]
133 silly gunzTarPerm extractEntry src/OdbcError.cpp
134 silly gunzTarPerm modified mode [ 'src/OdbcError.cpp', 420, 438 ]
135 silly gunzTarPerm extractEntry src/OdbcError.h
136 silly gunzTarPerm modified mode [ 'src/OdbcError.h', 420, 438 ]
137 silly gunzTarPerm extractEntry src/Column.h
138 silly gunzTarPerm modified mode [ 'src/Column.h', 420, 438 ]
139 silly gunzTarPerm extractEntry src/OdbcOperation.cpp
140 silly gunzTarPerm modified mode [ 'src/OdbcOperation.cpp', 420, 438 ]
141 silly gunzTarPerm extractEntry src/OdbcOperation.h
142 silly gunzTarPerm modified mode [ 'src/OdbcOperation.h', 420, 438 ]
143 silly gunzTarPerm extractEntry src/Operation.h
144 silly gunzTarPerm modified mode [ 'src/Operation.h', 420, 438 ]
145 silly gunzTarPerm extractEntry src/ResultSet.cpp
146 silly gunzTarPerm modified mode [ 'src/ResultSet.cpp', 420, 438 ]
147 silly gunzTarPerm extractEntry src/ResultSet.h
148 silly gunzTarPerm modified mode [ 'src/ResultSet.h', 420, 438 ]
149 silly gunzTarPerm extractEntry src/sqlncli.h
150 silly gunzTarPerm modified mode [ 'src/sqlncli.h', 420, 438 ]
151 silly gunzTarPerm extractEntry src/stdafx.cpp
152 silly gunzTarPerm modified mode [ 'src/stdafx.cpp', 420, 438 ]
153 silly gunzTarPerm extractEntry src/stdafx.h
154 silly gunzTarPerm modified mode [ 'src/stdafx.h', 420, 438 ]
155 silly gunzTarPerm extractEntry src/Utility.cpp
156 silly gunzTarPerm modified mode [ 'src/Utility.cpp', 420, 438 ]
157 silly gunzTarPerm extractEntry src/Utility.h
158 silly gunzTarPerm modified mode [ 'src/Utility.h', 420, 438 ]
159 silly gunzTarPerm extractEntry test/CommonTestFunctions.js
160 silly gunzTarPerm modified mode [ 'test/CommonTestFunctions.js', 420, 438 ]
161 silly gunzTarPerm extractEntry test/connect.js
162 silly gunzTarPerm modified mode [ 'test/connect.js', 420, 438 ]
163 silly gunzTarPerm extractEntry test/datatypes.js
164 silly gunzTarPerm modified mode [ 'test/datatypes.js', 420, 438 ]
165 silly gunzTarPerm extractEntry test/dates.js
166 silly gunzTarPerm modified mode [ 'test/dates.js', 420, 438 ]
167 silly gunzTarPerm extractEntry test/compoundqueries.js
168 silly gunzTarPerm modified mode [ 'test/compoundqueries.js', 420, 438 ]
169 silly gunzTarPerm extractEntry test/query.js
170 silly gunzTarPerm modified mode [ 'test/query.js', 420, 438 ]
171 silly gunzTarPerm extractEntry test/runtests.js
172 silly gunzTarPerm modified mode [ 'test/runtests.js', 420, 438 ]
173 silly gunzTarPerm extractEntry test/test-config.js
174 silly gunzTarPerm modified mode [ 'test/test-config.js', 420, 438 ]
175 silly gunzTarPerm extractEntry test/txn.js
176 silly gunzTarPerm modified mode [ 'test/txn.js', 420, 438 ]
177 silly gunzTarPerm extractEntry test/params.js
178 silly gunzTarPerm modified mode [ 'test/params.js', 420, 438 ]
179 silly gunzTarPerm extractEntry test/testlist.txt
180 silly gunzTarPerm modified mode [ 'test/testlist.txt', 420, 438 ]
181 silly gentlyRm C:\Users\Arvind\ehealthsolutionsinc-api\cli-app\node_modules\.staging\msnodesql-b7b0fbed\node_modules is being purged
182 verbose gentlyRm don't care about contents; nuking C:\Users\Arvind\ehealthsolutionsinc-api\cli-app\node_modules\.staging\msnodesql-b7b0fbed\node_modules
183 silly doParallel preinstall 1
184 silly preinstall msnodesql@0.2.1 C:\Users\Arvind\ehealthsolutionsinc-api\cli-app\node_modules\.staging\msnodesql-b7b0fbed
185 info lifecycle msnodesql@0.2.1~preinstall: msnodesql@0.2.1
186 silly lifecycle msnodesql@0.2.1~preinstall: no script for preinstall, continuing
187 silly doReverseSerial remove 0
188 silly doSerial move 0
189 silly doSerial finalize 1
190 silly finalize C:\Users\Arvind\ehealthsolutionsinc-api\cli-app\node_modules\msnodesql
191 silly doSerial build 1
192 silly build msnodesql@0.2.1
193 info linkStuff msnodesql@0.2.1
194 silly linkStuff msnodesql@0.2.1 has C:\Users\Arvind\ehealthsolutionsinc-api\cli-app\node_modules as its parent node_modules
195 verbose linkBins msnodesql@0.2.1
196 verbose linkMans msnodesql@0.2.1
197 silly doSerial global-link 0
198 silly doParallel update-linked 0
199 silly doSerial install 1
200 silly install msnodesql@0.2.1 C:\Users\Arvind\ehealthsolutionsinc-api\cli-app\node_modules\.staging\msnodesql-b7b0fbed
201 info lifecycle msnodesql@0.2.1~install: msnodesql@0.2.1
202 verbose lifecycle msnodesql@0.2.1~install: unsafe-perm in lifecycle true
203 verbose lifecycle msnodesql@0.2.1~install: PATH: C:\Program Files\nodejs\node_modules\npm\bin\node-gyp-bin;C:\Users\Arvind\ehealthsolutionsinc-api\cli-app\node_modules\msnodesql\node_modules\.bin;C:\Users\Arvind\ehealthsolutionsinc-api\cli-app\node_modules\.bin;C:\Users\Arvind\AppData\Roaming\npm;C:\Program Files\nodejs\;C:\Python27-1\;C:\Python27-1\Scripts;C:\Program Files\Haskell\bin;C:\Program Files\Haskell Platform\7.10.3\lib\extralibs\bin;C:\Program Files\Haskell Platform\7.10.3\bin;C:\ProgramData\Oracle\Java\javapath;C:\WINDOWS\system32;C:\WINDOWS;C:\WINDOWS\System32\Wbem;C:\WINDOWS\System32\WindowsPowerShell\v1.0\;C:\Program Files (x86)\Skype\Phone\;C:\Program Files (x86)\Microsoft SQL Server\130\DTS\Binn\;C:\Program Files (x86)\Microsoft SQL Server\Client SDK\ODBC\110\Tools\Binn\;C:\Program Files (x86)\Microsoft SQL Server\130\Tools\Binn\;C:\Program Files (x86)\Microsoft SQL Server\130\Tools\Binn\ManagementStudio\;C:\Users\Arvind\.dnx\bin;C:\Program Files\Microsoft DNX\Dnvm\;C:\Program Files\Microsoft SQL Server\120\Tools\Binn\;C:\Program Files\Haskell Platform\7.10.3\mingw\bin;C:\Program Files (x86)\PuTTY\;C:\Program Files (x86)\Muse;C:\Program Files\Git\cmd;C:\WINDOWS\system32;C:\WINDOWS;C:\WINDOWS\System32\Wbem;C:\WINDOWS\System32\WindowsPowerShell\v1.0\;C:\ProgramData\chocolatey\bin;C:\Program Files\nodejs\;C:\Program Files\Microsoft SQL Server\Client SDK\ODBC\130\Tools\Binn\;C:\Program Files\Microsoft SQL Server\130\Tools\Binn\;C:\Program Files\Microsoft SQL Server\130\DTS\Binn\;C:\Program Files (x86)\Microsoft SQL Server\Client SDK\ODBC\130\Tools\Binn\;C:\Program Files (x86)\Common Files\Acronis\SnapAPI\;C:\Users\Arvind\Anaconda2;C:\Users\Arvind\Anaconda2\Scripts;C:\Users\Arvind\Anaconda2\Library\bin;C:\Program Files\Docker\Docker\Resources\bin;C:\Program Files\Oculus\Support\oculus-runtime;C:\Program Files\Haskell\bin;C:\Program Files\Haskell Platform\7.10.3\lib\extralibs\bin;C:\Program Files\Haskell Platform\7.10.3\bin;C:\ProgramData\Oracle\Java\javapath;C:\WINDOWS\system32;C:\WINDOWS;C:\WINDOWS\System32\Wbem;C:\WINDOWS\System32\WindowsPowerShell\v1.0\;C:\Program Files (x86)\Skype\Phone\;C:\Program Files (x86)\Microsoft SQL Server\130\DTS\Binn\;C:\Program Files (x86)\Microsoft SQL Server\Client SDK\ODBC\110\Tools\Binn\;C:\Program Files (x86)\Microsoft SQL Server\130\Tools\Binn\;C:\Program Files (x86)\Microsoft SQL Server\130\Tools\Binn\ManagementStudio\;C:\Users\Arvind\.dnx\bin;C:\Program Files\Microsoft DNX\Dnvm\;C:\Program Files\Microsoft SQL Server\120\Tools\Binn\;C:\Program Files\Haskell Platform\7.10.3\mingw\bin;C:\Program Files (x86)\PuTTY\;C:\Program Files (x86)\Muse;C:\Program Files\Git\cmd;C:\Ruby23-x64\bin;C:\Users\Arvind\AppData\Roaming\cabal\bin;C:\Python27;C:\Users\Arvind\AppData\Local\Microsoft\WindowsApps;C:\Users\Arvind\AppData\Roaming\npm
204 verbose lifecycle msnodesql@0.2.1~install: CWD: C:\Users\Arvind\ehealthsolutionsinc-api\cli-app\node_modules\msnodesql
205 silly lifecycle msnodesql@0.2.1~install: Args: [ '/d /s /c', 'node scripts/install.js' ]
206 silly lifecycle msnodesql@0.2.1~install: Returned: code: 1  signal: null
207 info lifecycle msnodesql@0.2.1~install: Failed to exec install script
208 verbose unlock done using C:\Users\Arvind\AppData\Roaming\npm-cache\_locks\staging-301ba524994a4a22.lock for C:\Users\Arvind\ehealthsolutionsinc-api\cli-app\node_modules\.staging
209 silly rollbackFailedOptional Starting
210 silly rollbackFailedOptional Finishing
211 silly runTopLevelLifecycles Finishing
212 silly install printInstalled
213 verbose stack Error: msnodesql@0.2.1 install: `node scripts/install.js`
213 verbose stack Exit status 1
213 verbose stack     at EventEmitter.<anonymous> (C:\Program Files\nodejs\node_modules\npm\lib\utils\lifecycle.js:255:16)
213 verbose stack     at emitTwo (events.js:106:13)
213 verbose stack     at EventEmitter.emit (events.js:191:7)
213 verbose stack     at ChildProcess.<anonymous> (C:\Program Files\nodejs\node_modules\npm\lib\utils\spawn.js:40:14)
213 verbose stack     at emitTwo (events.js:106:13)
213 verbose stack     at ChildProcess.emit (events.js:191:7)
213 verbose stack     at maybeClose (internal/child_process.js:885:16)
213 verbose stack     at Process.ChildProcess._handle.onexit (internal/child_process.js:226:5)
214 verbose pkgid msnodesql@0.2.1
215 verbose cwd C:\Users\Arvind\ehealthsolutionsinc-api\cli-app
216 error Windows_NT 10.0.14393
217 error argv "C:\\Program Files\\nodejs\\node.exe" "C:\\Program Files\\nodejs\\node_modules\\npm\\bin\\npm-cli.js" "install" "msnodesql"
218 error node v7.1.0
219 error npm  v3.10.9
220 error code ELIFECYCLE
221 error msnodesql@0.2.1 install: `node scripts/install.js`
221 error Exit status 1
222 error Failed at the msnodesql@0.2.1 install script 'node scripts/install.js'.
222 error Make sure you have the latest version of node.js and npm installed.
222 error If you do, this is most likely a problem with the msnodesql package,
222 error not with npm itself.
222 error Tell the author that this fails on your system:
222 error     node scripts/install.js
222 error You can get information on how to open an issue for this project with:
222 error     npm bugs msnodesql
222 error Or if that isn't available, you can get their info via:
222 error     npm owner ls msnodesql
222 error There is likely additional logging output above.
223 verbose exit [ 1, true ]
